<?xml version="1.0" encoding="UTF-8"?>
<coverage generated="1643853393202" clover="3.2.0">
  <project timestamp="1643853393202" name="All files">
    <metrics statements="75" coveredstatements="35" conditionals="18" coveredconditionals="4" methods="36" coveredmethods="6" elements="129" coveredelements="45" complexity="0" loc="75" ncloc="75" packages="1" files="4" classes="4"/>
    <file name="Account.ts" path="C:\Users\LIBRERIA\Documents\assuresoft training\Modulo I\Proyectos\Bank_Project\src\Account.ts">
      <metrics statements="32" coveredstatements="11" conditionals="12" coveredconditionals="0" methods="17" coveredmethods="2"/>
      <line num="2" count="1" type="stmt"/>
      <line num="3" count="1" type="stmt"/>
      <line num="12" count="1" type="stmt"/>
      <line num="13" count="1" type="stmt"/>
      <line num="14" count="1" type="stmt"/>
      <line num="15" count="1" type="stmt"/>
      <line num="16" count="1" type="stmt"/>
      <line num="17" count="1" type="stmt"/>
      <line num="23" count="0" type="stmt"/>
      <line num="27" count="0" type="stmt"/>
      <line num="32" count="0" type="stmt"/>
      <line num="36" count="0" type="stmt"/>
      <line num="40" count="0" type="stmt"/>
      <line num="44" count="0" type="stmt"/>
      <line num="48" count="0" type="stmt"/>
      <line num="52" count="0" type="stmt"/>
      <line num="56" count="0" type="stmt"/>
      <line num="60" count="0" type="stmt"/>
      <line num="64" count="0" type="stmt"/>
      <line num="68" count="0" type="stmt"/>
      <line num="72" count="1" type="stmt"/>
      <line num="73" count="1" type="stmt"/>
      <line num="74" count="1" type="stmt"/>
      <line num="78" count="0" type="stmt"/>
      <line num="82" count="0" type="stmt"/>
      <line num="88" count="0" type="stmt"/>
      <line num="92" count="0" type="stmt"/>
      <line num="93" count="0" type="stmt"/>
      <line num="94" count="0" type="stmt"/>
      <line num="95" count="0" type="stmt"/>
      <line num="96" count="0" type="stmt"/>
      <line num="97" count="0" type="stmt"/>
    </file>
    <file name="Current_Count.ts" path="C:\Users\LIBRERIA\Documents\assuresoft training\Modulo I\Proyectos\Bank_Project\src\Current_Count.ts">
      <metrics statements="10" coveredstatements="4" conditionals="1" coveredconditionals="0" methods="3" coveredmethods="1"/>
      <line num="1" count="1" type="stmt"/>
      <line num="4" count="1" type="stmt"/>
      <line num="10" count="1" type="stmt"/>
      <line num="12" count="1" type="stmt"/>
      <line num="16" count="0" type="stmt"/>
      <line num="20" count="0" type="stmt"/>
      <line num="22" count="0" type="cond" truecount="0" falsecount="1"/>
      <line num="23" count="0" type="stmt"/>
      <line num="24" count="0" type="stmt"/>
      <line num="26" count="0" type="stmt"/>
    </file>
    <file name="Customer.ts" path="C:\Users\LIBRERIA\Documents\assuresoft training\Modulo I\Proyectos\Bank_Project\src\Customer.ts">
      <metrics statements="19" coveredstatements="7" conditionals="0" coveredconditionals="0" methods="13" coveredmethods="1"/>
      <line num="1" count="2" type="stmt"/>
      <line num="17" count="2" type="stmt"/>
      <line num="18" count="2" type="stmt"/>
      <line num="19" count="2" type="stmt"/>
      <line num="20" count="2" type="stmt"/>
      <line num="21" count="2" type="stmt"/>
      <line num="22" count="2" type="stmt"/>
      <line num="26" count="0" type="stmt"/>
      <line num="30" count="0" type="stmt"/>
      <line num="34" count="0" type="stmt"/>
      <line num="38" count="0" type="stmt"/>
      <line num="42" count="0" type="stmt"/>
      <line num="46" count="0" type="stmt"/>
      <line num="50" count="0" type="stmt"/>
      <line num="54" count="0" type="stmt"/>
      <line num="58" count="0" type="stmt"/>
      <line num="62" count="0" type="stmt"/>
      <line num="66" count="0" type="stmt"/>
      <line num="70" count="0" type="stmt"/>
    </file>
    <file name="MonthlyReport.ts" path="C:\Users\LIBRERIA\Documents\assuresoft training\Modulo I\Proyectos\Bank_Project\src\MonthlyReport.ts">
      <metrics statements="14" coveredstatements="13" conditionals="5" coveredconditionals="4" methods="3" coveredmethods="2"/>
      <line num="3" count="2" type="stmt"/>
      <line num="5" count="2" type="stmt"/>
      <line num="6" count="2" type="stmt"/>
      <line num="7" count="2" type="stmt"/>
      <line num="9" count="2" type="stmt"/>
      <line num="10" count="2" type="stmt"/>
      <line num="11" count="2" type="stmt"/>
      <line num="15" count="2" type="stmt"/>
      <line num="16" count="2" type="stmt"/>
      <line num="17" count="2" type="stmt"/>
      <line num="18" count="2" type="stmt"/>
      <line num="19" count="2" type="cond" truecount="4" falsecount="1"/>
      <line num="22" count="2" type="stmt"/>
      <line num="25" count="0" type="stmt"/>
    </file>
  </project>
</coverage>
