{"C:\\Users\\LIBRERIA\\Documents\\assuresoft training\\Modulo I\\Proyectos\\Bank_Project\\src\\Account.ts": {"path":"C:\\Users\\LIBRERIA\\Documents\\assuresoft training\\Modulo I\\Proyectos\\Bank_Project\\src\\Account.ts","statementMap":{"0":{"start":{"line":2,"column":0},"end":{"line":2,"column":44}},"1":{"start":{"line":12,"column":8},"end":{"line":12,"column":32}},"2":{"start":{"line":13,"column":8},"end":{"line":13,"column":30}},"3":{"start":{"line":14,"column":8},"end":{"line":14,"column":31}},"4":{"start":{"line":15,"column":8},"end":{"line":15,"column":31}},"5":{"start":{"line":16,"column":8},"end":{"line":16,"column":33}},"6":{"start":{"line":17,"column":8},"end":{"line":17,"column":27}},"7":{"start":{"line":23,"column":8},"end":{"line":23,"column":43}},"8":{"start":{"line":27,"column":8},"end":{"line":27,"column":35}},"9":{"start":{"line":32,"column":8},"end":{"line":32,"column":37}},"10":{"start":{"line":36,"column":8},"end":{"line":36,"column":31}},"11":{"start":{"line":40,"column":8},"end":{"line":40,"column":31}},"12":{"start":{"line":44,"column":8},"end":{"line":44,"column":28}},"13":{"start":{"line":48,"column":8},"end":{"line":48,"column":43}},"14":{"start":{"line":52,"column":8},"end":{"line":52,"column":34}},"15":{"start":{"line":56,"column":8},"end":{"line":56,"column":33}},"16":{"start":{"line":60,"column":8},"end":{"line":60,"column":29}},"17":{"start":{"line":64,"column":8},"end":{"line":64,"column":27}},"18":{"start":{"line":68,"column":8},"end":{"line":68,"column":26}},"19":{"start":{"line":72,"column":8},"end":{"line":72,"column":30}},"20":{"start":{"line":73,"column":8},"end":{"line":73,"column":37}},"21":{"start":{"line":74,"column":8},"end":{"line":74,"column":28}},"22":{"start":{"line":78,"column":8},"end":{"line":78,"column":53}},"23":{"start":{"line":82,"column":8},"end":{"line":82,"column":28}},"24":{"start":{"line":86,"column":26},"end":{"line":86,"column":28}},"25":{"start":{"line":87,"column":8},"end":{"line":92,"column":40}},"26":{"start":{"line":88,"column":12},"end":{"line":92,"column":40}},"27":{"start":{"line":94,"column":8},"end":{"line":94,"column":27}},"28":{"start":{"line":98,"column":28},"end":{"line":98,"column":37}},"29":{"start":{"line":99,"column":8},"end":{"line":99,"column":null}},"30":{"start":{"line":100,"column":8},"end":{"line":100,"column":null}},"31":{"start":{"line":101,"column":8},"end":{"line":101,"column":null}},"32":{"start":{"line":102,"column":30},"end":{"line":102,"column":97}},"33":{"start":{"line":103,"column":8},"end":{"line":103,"column":42}},"34":{"start":{"line":3,"column":0},"end":{"line":3,"column":30}}},"fnMap":{"0":{"name":"(anonymous_1)","decl":{"start":{"line":11,"column":4},"end":{"line":11,"column":16}},"loc":{"start":{"line":11,"column":63},"end":{"line":18,"column":5}}},"1":{"name":"(anonymous_2)","decl":{"start":{"line":22,"column":4},"end":{"line":22,"column":15}},"loc":{"start":{"line":22,"column":54},"end":{"line":24,"column":5}}},"2":{"name":"(anonymous_3)","decl":{"start":{"line":26,"column":4},"end":{"line":26,"column":15}},"loc":{"start":{"line":26,"column":31},"end":{"line":28,"column":5}}},"3":{"name":"(anonymous_4)","decl":{"start":{"line":31,"column":4},"end":{"line":31,"column":15}},"loc":{"start":{"line":31,"column":47},"end":{"line":33,"column":5}}},"4":{"name":"(anonymous_5)","decl":{"start":{"line":35,"column":4},"end":{"line":35,"column":15}},"loc":{"start":{"line":35,"column":28},"end":{"line":37,"column":5}}},"5":{"name":"(anonymous_6)","decl":{"start":{"line":39,"column":4},"end":{"line":39,"column":15}},"loc":{"start":{"line":39,"column":41},"end":{"line":41,"column":5}}},"6":{"name":"(anonymous_7)","decl":{"start":{"line":43,"column":4},"end":{"line":43,"column":15}},"loc":{"start":{"line":43,"column":25},"end":{"line":45,"column":5}}},"7":{"name":"(anonymous_8)","decl":{"start":{"line":47,"column":4},"end":{"line":47,"column":16}},"loc":{"start":{"line":47,"column":54},"end":{"line":49,"column":5}}},"8":{"name":"(anonymous_9)","decl":{"start":{"line":51,"column":4},"end":{"line":51,"column":15}},"loc":{"start":{"line":51,"column":31},"end":{"line":53,"column":5}}},"9":{"name":"(anonymous_10)","decl":{"start":{"line":55,"column":4},"end":{"line":55,"column":15}},"loc":{"start":{"line":55,"column":45},"end":{"line":57,"column":5}}},"10":{"name":"(anonymous_11)","decl":{"start":{"line":59,"column":4},"end":{"line":59,"column":15}},"loc":{"start":{"line":59,"column":26},"end":{"line":61,"column":5}}},"11":{"name":"(anonymous_12)","decl":{"start":{"line":63,"column":4},"end":{"line":63,"column":15}},"loc":{"start":{"line":63,"column":38},"end":{"line":65,"column":5}}},"12":{"name":"(anonymous_13)","decl":{"start":{"line":67,"column":4},"end":{"line":67,"column":15}},"loc":{"start":{"line":67,"column":23},"end":{"line":69,"column":5}}},"13":{"name":"(anonymous_14)","decl":{"start":{"line":71,"column":4},"end":{"line":71,"column":14}},"loc":{"start":{"line":71,"column":28},"end":{"line":75,"column":5}}},"14":{"name":"(anonymous_15)","decl":{"start":{"line":77,"column":4},"end":{"line":77,"column":20}},"loc":{"start":{"line":77,"column":34},"end":{"line":79,"column":5}}},"15":{"name":"(anonymous_16)","decl":{"start":{"line":81,"column":4},"end":{"line":81,"column":16}},"loc":{"start":{"line":81,"column":16},"end":{"line":83,"column":5}}},"16":{"name":"(anonymous_17)","decl":{"start":{"line":85,"column":4},"end":{"line":85,"column":20}},"loc":{"start":{"line":85,"column":20},"end":{"line":95,"column":5}}},"17":{"name":"(anonymous_18)","decl":{"start":{"line":97,"column":4},"end":{"line":97,"column":11}},"loc":{"start":{"line":97,"column":11},"end":{"line":104,"column":5}}}},"branchMap":{"0":{"loc":{"start":{"line":87,"column":8},"end":{"line":92,"column":40}},"type":"if","locations":[{"start":{"line":87,"column":8},"end":{"line":92,"column":40}}]}},"s":{"0":6,"1":16,"2":16,"3":16,"4":16,"5":16,"6":16,"7":0,"8":12,"9":3,"10":7,"11":4,"12":13,"13":0,"14":0,"15":1,"16":3,"17":1,"18":1,"19":1,"20":1,"21":1,"22":1,"23":0,"24":1,"25":1,"26":1,"27":1,"28":4,"29":4,"30":4,"31":4,"32":4,"33":4,"34":6},"f":{"0":16,"1":0,"2":12,"3":3,"4":7,"5":4,"6":13,"7":0,"8":0,"9":1,"10":3,"11":1,"12":1,"13":1,"14":1,"15":0,"16":1,"17":4},"b":{"0":[1]}}
,"C:\\Users\\LIBRERIA\\Documents\\assuresoft training\\Modulo I\\Proyectos\\Bank_Project\\src\\Bank.ts": {"path":"C:\\Users\\LIBRERIA\\Documents\\assuresoft training\\Modulo I\\Proyectos\\Bank_Project\\src\\Bank.ts","statementMap":{"0":{"start":{"line":8,"column":8},"end":{"line":8,"column":27}},"1":{"start":{"line":9,"column":8},"end":{"line":9,"column":28}},"2":{"start":{"line":13,"column":8},"end":{"line":13,"column":36}},"3":{"start":{"line":17,"column":8},"end":{"line":17,"column":29}},"4":{"start":{"line":21,"column":8},"end":{"line":21,"column":38}},"5":{"start":{"line":25,"column":8},"end":{"line":25,"column":30}},"6":{"start":{"line":29,"column":8},"end":{"line":29,"column":null}},"7":{"start":{"line":29,"column":47},"end":{"line":29,"column":76}},"8":{"start":{"line":33,"column":8},"end":{"line":33,"column":null}},"9":{"start":{"line":33,"column":45},"end":{"line":33,"column":87}},"10":{"start":{"line":37,"column":27},"end":{"line":37,"column":100}},"11":{"start":{"line":37,"column":57},"end":{"line":37,"column":99}},"12":{"start":{"line":38,"column":28},"end":{"line":38,"column":90}},"13":{"start":{"line":38,"column":60},"end":{"line":38,"column":89}},"14":{"start":{"line":39,"column":8},"end":{"line":42,"column":null}},"15":{"start":{"line":40,"column":12},"end":{"line":40,"column":null}},"16":{"start":{"line":41,"column":12},"end":{"line":41,"column":null}},"17":{"start":{"line":43,"column":8},"end":{"line":43,"column":21}},"18":{"start":{"line":3,"column":0},"end":{"line":3,"column":21}}},"fnMap":{"0":{"name":"(anonymous_0)","decl":{"start":{"line":7,"column":4},"end":{"line":7,"column":null}},"loc":{"start":{"line":7,"column":4},"end":{"line":10,"column":5}}},"1":{"name":"(anonymous_1)","decl":{"start":{"line":12,"column":11},"end":{"line":12,"column":22}},"loc":{"start":{"line":12,"column":39},"end":{"line":14,"column":5}}},"2":{"name":"(anonymous_2)","decl":{"start":{"line":16,"column":4},"end":{"line":16,"column":15}},"loc":{"start":{"line":16,"column":26},"end":{"line":18,"column":5}}},"3":{"name":"(anonymous_3)","decl":{"start":{"line":20,"column":11},"end":{"line":20,"column":23}},"loc":{"start":{"line":20,"column":42},"end":{"line":22,"column":5}}},"4":{"name":"(anonymous_4)","decl":{"start":{"line":24,"column":4},"end":{"line":24,"column":15}},"loc":{"start":{"line":24,"column":27},"end":{"line":26,"column":5}}},"5":{"name":"(anonymous_5)","decl":{"start":{"line":28,"column":11},"end":{"line":28,"column":23}},"loc":{"start":{"line":28,"column":43},"end":{"line":30,"column":5}}},"6":{"name":"(anonymous_6)","decl":{"start":{"line":29,"column":35},"end":{"line":29,"column":43}},"loc":{"start":{"line":29,"column":47},"end":{"line":29,"column":76}}},"7":{"name":"(anonymous_7)","decl":{"start":{"line":32,"column":11},"end":{"line":32,"column":22}},"loc":{"start":{"line":32,"column":45},"end":{"line":34,"column":5}}},"8":{"name":"(anonymous_8)","decl":{"start":{"line":33,"column":34},"end":{"line":33,"column":41}},"loc":{"start":{"line":33,"column":45},"end":{"line":33,"column":87}}},"9":{"name":"(anonymous_9)","decl":{"start":{"line":36,"column":4},"end":{"line":36,"column":16}},"loc":{"start":{"line":36,"column":58},"end":{"line":44,"column":5}}},"10":{"name":"(anonymous_10)","decl":{"start":{"line":37,"column":46},"end":{"line":37,"column":53}},"loc":{"start":{"line":37,"column":57},"end":{"line":37,"column":99}}},"11":{"name":"(anonymous_11)","decl":{"start":{"line":38,"column":48},"end":{"line":38,"column":56}},"loc":{"start":{"line":38,"column":60},"end":{"line":38,"column":89}}}},"branchMap":{"0":{"loc":{"start":{"line":39,"column":8},"end":{"line":42,"column":null}},"type":"if","locations":[{"start":{"line":39,"column":8},"end":{"line":42,"column":null}}]},"1":{"loc":{"start":{"line":39,"column":12},"end":{"line":39,"column":67}},"type":"binary-expr","locations":[{"start":{"line":39,"column":12},"end":{"line":39,"column":37}},{"start":{"line":39,"column":41},"end":{"line":39,"column":67}}]}},"s":{"0":4,"1":4,"2":4,"3":1,"4":3,"5":1,"6":2,"7":2,"8":2,"9":2,"10":4,"11":6,"12":4,"13":4,"14":4,"15":1,"16":1,"17":3,"18":1},"f":{"0":4,"1":4,"2":1,"3":3,"4":1,"5":2,"6":2,"7":2,"8":2,"9":4,"10":6,"11":4},"b":{"0":[1],"1":[4,3]}}
,"C:\\Users\\LIBRERIA\\Documents\\assuresoft training\\Modulo I\\Proyectos\\Bank_Project\\src\\Current_Count.ts": {"path":"C:\\Users\\LIBRERIA\\Documents\\assuresoft training\\Modulo I\\Proyectos\\Bank_Project\\src\\Current_Count.ts","statementMap":{"0":{"start":{"line":1,"column":0},"end":{"line":1,"column":32}},"1":{"start":{"line":10,"column":8},"end":{"line":11,"column":28}},"2":{"start":{"line":12,"column":8},"end":{"line":12,"column":36}},"3":{"start":{"line":16,"column":8},"end":{"line":16,"column":28}},"4":{"start":{"line":20,"column":30},"end":{"line":20,"column":54}},"5":{"start":{"line":22,"column":8},"end":{"line":25,"column":null}},"6":{"start":{"line":23,"column":12},"end":{"line":23,"column":44}},"7":{"start":{"line":24,"column":12},"end":{"line":24,"column":24}},"8":{"start":{"line":26,"column":8},"end":{"line":26,"column":21}},"9":{"start":{"line":4,"column":0},"end":{"line":4,"column":21}}},"fnMap":{"0":{"name":"(anonymous_1)","decl":{"start":{"line":8,"column":4},"end":{"line":8,"column":16}},"loc":{"start":{"line":9,"column":43},"end":{"line":13,"column":5}}},"1":{"name":"(anonymous_2)","decl":{"start":{"line":15,"column":4},"end":{"line":15,"column":8}},"loc":{"start":{"line":15,"column":18},"end":{"line":17,"column":5}}},"2":{"name":"(anonymous_3)","decl":{"start":{"line":19,"column":4},"end":{"line":19,"column":17}},"loc":{"start":{"line":19,"column":33},"end":{"line":27,"column":5}}}},"branchMap":{"0":{"loc":{"start":{"line":22,"column":8},"end":{"line":25,"column":null}},"type":"if","locations":[{"start":{"line":22,"column":8},"end":{"line":25,"column":null}}]}},"s":{"0":4,"1":12,"2":12,"3":6,"4":2,"5":2,"6":1,"7":1,"8":1,"9":4},"f":{"0":12,"1":6,"2":2},"b":{"0":[1]}}
,"C:\\Users\\LIBRERIA\\Documents\\assuresoft training\\Modulo I\\Proyectos\\Bank_Project\\src\\Customer.ts": {"path":"C:\\Users\\LIBRERIA\\Documents\\assuresoft training\\Modulo I\\Proyectos\\Bank_Project\\src\\Customer.ts","statementMap":{"0":{"start":{"line":17,"column":8},"end":{"line":17,"column":21}},"1":{"start":{"line":18,"column":8},"end":{"line":18,"column":25}},"2":{"start":{"line":19,"column":8},"end":{"line":19,"column":33}},"3":{"start":{"line":20,"column":8},"end":{"line":20,"column":35}},"4":{"start":{"line":21,"column":8},"end":{"line":21,"column":27}},"5":{"start":{"line":22,"column":8},"end":{"line":22,"column":31}},"6":{"start":{"line":26,"column":8},"end":{"line":26,"column":21}},"7":{"start":{"line":30,"column":8},"end":{"line":30,"column":23}},"8":{"start":{"line":34,"column":8},"end":{"line":34,"column":25}},"9":{"start":{"line":38,"column":8},"end":{"line":38,"column":null}},"10":{"start":{"line":42,"column":8},"end":{"line":42,"column":33}},"11":{"start":{"line":46,"column":8},"end":{"line":46,"column":null}},"12":{"start":{"line":50,"column":8},"end":{"line":50,"column":35}},"13":{"start":{"line":54,"column":8},"end":{"line":54,"column":null}},"14":{"start":{"line":58,"column":8},"end":{"line":58,"column":31}},"15":{"start":{"line":62,"column":8},"end":{"line":62,"column":28}},"16":{"start":{"line":66,"column":8},"end":{"line":66,"column":27}},"17":{"start":{"line":70,"column":8},"end":{"line":70,"column":26}},"18":{"start":{"line":1,"column":0},"end":{"line":1,"column":21}}},"fnMap":{"0":{"name":"(anonymous_0)","decl":{"start":{"line":9,"column":4},"end":{"line":9,"column":null}},"loc":{"start":{"line":15,"column":25},"end":{"line":23,"column":5}}},"1":{"name":"(anonymous_1)","decl":{"start":{"line":25,"column":4},"end":{"line":25,"column":15}},"loc":{"start":{"line":25,"column":31},"end":{"line":27,"column":5}}},"2":{"name":"(anonymous_2)","decl":{"start":{"line":29,"column":4},"end":{"line":29,"column":15}},"loc":{"start":{"line":29,"column":20},"end":{"line":31,"column":5}}},"3":{"name":"(anonymous_3)","decl":{"start":{"line":33,"column":4},"end":{"line":33,"column":15}},"loc":{"start":{"line":33,"column":35},"end":{"line":35,"column":5}}},"4":{"name":"(anonymous_4)","decl":{"start":{"line":37,"column":4},"end":{"line":37,"column":15}},"loc":{"start":{"line":37,"column":22},"end":{"line":39,"column":5}}},"5":{"name":"(anonymous_5)","decl":{"start":{"line":41,"column":4},"end":{"line":41,"column":15}},"loc":{"start":{"line":41,"column":43},"end":{"line":43,"column":5}}},"6":{"name":"(anonymous_6)","decl":{"start":{"line":45,"column":4},"end":{"line":45,"column":15}},"loc":{"start":{"line":45,"column":26},"end":{"line":47,"column":5}}},"7":{"name":"(anonymous_7)","decl":{"start":{"line":49,"column":4},"end":{"line":49,"column":15}},"loc":{"start":{"line":49,"column":45},"end":{"line":51,"column":5}}},"8":{"name":"(anonymous_8)","decl":{"start":{"line":53,"column":4},"end":{"line":53,"column":15}},"loc":{"start":{"line":53,"column":27},"end":{"line":55,"column":5}}},"9":{"name":"(anonymous_9)","decl":{"start":{"line":57,"column":4},"end":{"line":57,"column":15}},"loc":{"start":{"line":57,"column":41},"end":{"line":59,"column":5}}},"10":{"name":"(anonymous_10)","decl":{"start":{"line":61,"column":4},"end":{"line":61,"column":15}},"loc":{"start":{"line":61,"column":25},"end":{"line":63,"column":5}}},"11":{"name":"(anonymous_11)","decl":{"start":{"line":65,"column":4},"end":{"line":65,"column":15}},"loc":{"start":{"line":65,"column":37},"end":{"line":67,"column":5}}},"12":{"name":"(anonymous_12)","decl":{"start":{"line":69,"column":4},"end":{"line":69,"column":15}},"loc":{"start":{"line":69,"column":23},"end":{"line":71,"column":5}}}},"branchMap":{},"s":{"0":17,"1":17,"2":17,"3":17,"4":17,"5":17,"6":1,"7":12,"8":1,"9":6,"10":1,"11":6,"12":0,"13":0,"14":0,"15":0,"16":0,"17":0,"18":7},"f":{"0":17,"1":1,"2":12,"3":1,"4":6,"5":1,"6":6,"7":0,"8":0,"9":0,"10":0,"11":0,"12":0},"b":{}}
,"C:\\Users\\LIBRERIA\\Documents\\assuresoft training\\Modulo I\\Proyectos\\Bank_Project\\src\\Housing_Account.ts": {"path":"C:\\Users\\LIBRERIA\\Documents\\assuresoft training\\Modulo I\\Proyectos\\Bank_Project\\src\\Housing_Account.ts","statementMap":{"0":{"start":{"line":1,"column":0},"end":{"line":1,"column":32}},"1":{"start":{"line":6,"column":8},"end":{"line":7,"column":28}},"2":{"start":{"line":8,"column":8},"end":{"line":8,"column":31}},"3":{"start":{"line":12,"column":8},"end":{"line":12,"column":28}},"4":{"start":{"line":3,"column":0},"end":{"line":3,"column":21}}},"fnMap":{"0":{"name":"(anonymous_1)","decl":{"start":{"line":5,"column":4},"end":{"line":5,"column":16}},"loc":{"start":{"line":5,"column":63},"end":{"line":9,"column":5}}},"1":{"name":"(anonymous_2)","decl":{"start":{"line":11,"column":4},"end":{"line":11,"column":8}},"loc":{"start":{"line":11,"column":18},"end":{"line":13,"column":5}}}},"branchMap":{},"s":{"0":1,"1":2,"2":2,"3":3,"4":1},"f":{"0":2,"1":3},"b":{}}
,"C:\\Users\\LIBRERIA\\Documents\\assuresoft training\\Modulo I\\Proyectos\\Bank_Project\\src\\Investment_Fund.ts": {"path":"C:\\Users\\LIBRERIA\\Documents\\assuresoft training\\Modulo I\\Proyectos\\Bank_Project\\src\\Investment_Fund.ts","statementMap":{"0":{"start":{"line":1,"column":0},"end":{"line":1,"column":32}},"1":{"start":{"line":9,"column":8},"end":{"line":10,"column":28}},"2":{"start":{"line":11,"column":8},"end":{"line":11,"column":39}},"3":{"start":{"line":15,"column":8},"end":{"line":15,"column":28}},"4":{"start":{"line":19,"column":30},"end":{"line":19,"column":54}},"5":{"start":{"line":21,"column":8},"end":{"line":29,"column":null}},"6":{"start":{"line":22,"column":12},"end":{"line":22,"column":44}},"7":{"start":{"line":23,"column":12},"end":{"line":23,"column":24}},"8":{"start":{"line":26,"column":12},"end":{"line":26,"column":33}},"9":{"start":{"line":27,"column":12},"end":{"line":27,"column":null}},"10":{"start":{"line":28,"column":12},"end":{"line":28,"column":25}},"11":{"start":{"line":4,"column":0},"end":{"line":4,"column":21}}},"fnMap":{"0":{"name":"(anonymous_1)","decl":{"start":{"line":8,"column":4},"end":{"line":8,"column":16}},"loc":{"start":{"line":8,"column":63},"end":{"line":12,"column":5}}},"1":{"name":"(anonymous_2)","decl":{"start":{"line":14,"column":4},"end":{"line":14,"column":8}},"loc":{"start":{"line":14,"column":18},"end":{"line":16,"column":5}}},"2":{"name":"(anonymous_3)","decl":{"start":{"line":18,"column":4},"end":{"line":18,"column":17}},"loc":{"start":{"line":18,"column":32},"end":{"line":30,"column":5}}}},"branchMap":{"0":{"loc":{"start":{"line":21,"column":8},"end":{"line":29,"column":null}},"type":"if","locations":[{"start":{"line":21,"column":8},"end":{"line":29,"column":null}},{"start":{"line":25,"column":12},"end":{"line":29,"column":null}}]},"1":{"loc":{"start":{"line":21,"column":11},"end":{"line":21,"column":77}},"type":"binary-expr","locations":[{"start":{"line":21,"column":11},"end":{"line":21,"column":51}},{"start":{"line":21,"column":56},"end":{"line":21,"column":77}}]}},"s":{"0":1,"1":2,"2":2,"3":1,"4":3,"5":3,"6":2,"7":2,"8":1,"9":1,"10":1,"11":1},"f":{"0":2,"1":1,"2":3},"b":{"0":[2,1],"1":[3,2]}}
,"C:\\Users\\LIBRERIA\\Documents\\assuresoft training\\Modulo I\\Proyectos\\Bank_Project\\src\\MonthlyReport.ts": {"path":"C:\\Users\\LIBRERIA\\Documents\\assuresoft training\\Modulo I\\Proyectos\\Bank_Project\\src\\MonthlyReport.ts","statementMap":{"0":{"start":{"line":5,"column":17},"end":{"line":5,"column":41}},"1":{"start":{"line":6,"column":17},"end":{"line":6,"column":38}},"2":{"start":{"line":7,"column":17},"end":{"line":7,"column":55}},"3":{"start":{"line":9,"column":8},"end":{"line":9,"column":null}},"4":{"start":{"line":10,"column":8},"end":{"line":10,"column":null}},"5":{"start":{"line":11,"column":8},"end":{"line":11,"column":null}},"6":{"start":{"line":15,"column":22},"end":{"line":15,"column":58}},"7":{"start":{"line":16,"column":23},"end":{"line":16,"column":59}},"8":{"start":{"line":17,"column":24},"end":{"line":17,"column":62}},"9":{"start":{"line":18,"column":8},"end":{"line":20,"column":null}},"10":{"start":{"line":21,"column":8},"end":{"line":21,"column":null}},"11":{"start":{"line":24,"column":8},"end":{"line":28,"column":57}},"12":{"start":{"line":3,"column":0},"end":{"line":3,"column":21}}},"fnMap":{"0":{"name":"(anonymous_0)","decl":{"start":{"line":4,"column":4},"end":{"line":4,"column":null}},"loc":{"start":{"line":7,"column":55},"end":{"line":12,"column":5}}},"1":{"name":"(anonymous_1)","decl":{"start":{"line":13,"column":4},"end":{"line":13,"column":20}},"loc":{"start":{"line":13,"column":20},"end":{"line":22,"column":5}}},"2":{"name":"(anonymous_2)","decl":{"start":{"line":23,"column":4},"end":{"line":23,"column":14}},"loc":{"start":{"line":23,"column":14},"end":{"line":29,"column":5}}}},"branchMap":{"0":{"loc":{"start":{"line":18,"column":8},"end":{"line":20,"column":43}},"type":"cond-expr","locations":[{"start":{"line":19,"column":20},"end":{"line":19,"column":81}},{"start":{"line":20,"column":20},"end":{"line":20,"column":43}}]},"1":{"loc":{"start":{"line":18,"column":8},"end":{"line":18,"column":78}},"type":"binary-expr","locations":[{"start":{"line":18,"column":8},"end":{"line":18,"column":28}},{"start":{"line":18,"column":32},"end":{"line":18,"column":52}},{"start":{"line":18,"column":56},"end":{"line":18,"column":78}}]}},"s":{"0":6,"1":6,"2":6,"3":6,"4":6,"5":6,"6":6,"7":6,"8":6,"9":6,"10":6,"11":3,"12":6},"f":{"0":6,"1":6,"2":3},"b":{"0":[4,2],"1":[6,6,6]}}
,"C:\\Users\\LIBRERIA\\Documents\\assuresoft training\\Modulo I\\Proyectos\\Bank_Project\\src\\QuickSort.ts": {"path":"C:\\Users\\LIBRERIA\\Documents\\assuresoft training\\Modulo I\\Proyectos\\Bank_Project\\src\\QuickSort.ts","statementMap":{"0":{"start":{"line":5,"column":17},"end":{"line":5,"column":53}},"1":{"start":{"line":7,"column":8},"end":{"line":7,"column":43}},"2":{"start":{"line":11,"column":8},"end":{"line":11,"column":null}},"3":{"start":{"line":16,"column":20},"end":{"line":16,"column":66}},"4":{"start":{"line":17,"column":24},"end":{"line":17,"column":37}},"5":{"start":{"line":19,"column":8},"end":{"line":25,"column":null}},"6":{"start":{"line":19,"column":28},"end":{"line":19,"column":37}},"7":{"start":{"line":21,"column":12},"end":{"line":24,"column":null}},"8":{"start":{"line":22,"column":16},"end":{"line":22,"column":27}},"9":{"start":{"line":23,"column":16},"end":{"line":23,"column":61}},"10":{"start":{"line":26,"column":8},"end":{"line":26,"column":59}},"11":{"start":{"line":27,"column":8},"end":{"line":27,"column":30}},"12":{"start":{"line":36,"column":8},"end":{"line":41,"column":null}},"13":{"start":{"line":37,"column":24},"end":{"line":37,"column":96}},"14":{"start":{"line":39,"column":12},"end":{"line":39,"column":84}},"15":{"start":{"line":40,"column":12},"end":{"line":40,"column":85}},"16":{"start":{"line":44,"column":8},"end":{"line":45,"column":null}},"17":{"start":{"line":45,"column":12},"end":{"line":45,"column":null}},"18":{"start":{"line":48,"column":8},"end":{"line":49,"column":null}},"19":{"start":{"line":49,"column":8},"end":{"line":49,"column":null}},"20":{"start":{"line":3,"column":0},"end":{"line":3,"column":21}}},"fnMap":{"0":{"name":"(anonymous_0)","decl":{"start":{"line":4,"column":4},"end":{"line":4,"column":null}},"loc":{"start":{"line":5,"column":53},"end":{"line":8,"column":5}}},"1":{"name":"(anonymous_1)","decl":{"start":{"line":10,"column":4},"end":{"line":10,"column":8}},"loc":{"start":{"line":10,"column":82},"end":{"line":12,"column":5}}},"2":{"name":"(anonymous_2)","decl":{"start":{"line":14,"column":4},"end":{"line":14,"column":13}},"loc":{"start":{"line":14,"column":119},"end":{"line":28,"column":5}}},"3":{"name":"(anonymous_3)","decl":{"start":{"line":30,"column":4},"end":{"line":30,"column":13}},"loc":{"start":{"line":34,"column":35},"end":{"line":42,"column":5}}},"4":{"name":"(anonymous_4)","decl":{"start":{"line":43,"column":4},"end":{"line":43,"column":12}},"loc":{"start":{"line":43,"column":12},"end":{"line":46,"column":5}}},"5":{"name":"(anonymous_5)","decl":{"start":{"line":47,"column":4},"end":{"line":47,"column":16}},"loc":{"start":{"line":47,"column":16},"end":{"line":50,"column":5}}}},"branchMap":{"0":{"loc":{"start":{"line":21,"column":12},"end":{"line":24,"column":null}},"type":"if","locations":[{"start":{"line":21,"column":12},"end":{"line":24,"column":null}}]},"1":{"loc":{"start":{"line":36,"column":8},"end":{"line":41,"column":null}},"type":"if","locations":[{"start":{"line":36,"column":8},"end":{"line":41,"column":null}}]},"2":{"loc":{"start":{"line":44,"column":8},"end":{"line":45,"column":null}},"type":"if","locations":[{"start":{"line":44,"column":8},"end":{"line":45,"column":null}}]},"3":{"loc":{"start":{"line":48,"column":8},"end":{"line":49,"column":null}},"type":"if","locations":[{"start":{"line":48,"column":8},"end":{"line":49,"column":null}}]}},"s":{"0":1,"1":1,"2":22,"3":9,"4":9,"5":9,"6":9,"7":28,"8":13,"9":13,"10":9,"11":9,"12":20,"13":9,"14":9,"15":9,"16":1,"17":1,"18":1,"19":1,"20":1},"f":{"0":1,"1":22,"2":9,"3":20,"4":1,"5":1},"b":{"0":[13],"1":[9],"2":[1],"3":[1]}}
}
