{"C:\\Users\\LIBRERIA\\Documents\\assuresoft training\\Modulo I\\Proyectos\\Bank_Project\\src\\Account.ts": {"path":"C:\\Users\\LIBRERIA\\Documents\\assuresoft training\\Modulo I\\Proyectos\\Bank_Project\\src\\Account.ts","statementMap":{"0":{"start":{"line":12,"column":8},"end":{"line":12,"column":32}},"1":{"start":{"line":13,"column":8},"end":{"line":13,"column":30}},"2":{"start":{"line":14,"column":8},"end":{"line":14,"column":37}},"3":{"start":{"line":15,"column":8},"end":{"line":15,"column":39}},"4":{"start":{"line":16,"column":8},"end":{"line":16,"column":31}},"5":{"start":{"line":17,"column":8},"end":{"line":17,"column":33}},"6":{"start":{"line":18,"column":8},"end":{"line":18,"column":27}},"7":{"start":{"line":24,"column":8},"end":{"line":24,"column":43}},"8":{"start":{"line":28,"column":8},"end":{"line":28,"column":35}},"9":{"start":{"line":33,"column":8},"end":{"line":33,"column":37}},"10":{"start":{"line":37,"column":8},"end":{"line":37,"column":31}},"11":{"start":{"line":41,"column":8},"end":{"line":41,"column":37}},"12":{"start":{"line":45,"column":8},"end":{"line":45,"column":32}},"13":{"start":{"line":49,"column":8},"end":{"line":49,"column":39}},"14":{"start":{"line":50,"column":8},"end":{"line":50,"column":28}},"15":{"start":{"line":54,"column":8},"end":{"line":54,"column":43}},"16":{"start":{"line":58,"column":8},"end":{"line":58,"column":34}},"17":{"start":{"line":62,"column":8},"end":{"line":62,"column":33}},"18":{"start":{"line":66,"column":8},"end":{"line":66,"column":29}},"19":{"start":{"line":70,"column":8},"end":{"line":70,"column":27}},"20":{"start":{"line":74,"column":8},"end":{"line":74,"column":26}},"21":{"start":{"line":78,"column":26},"end":{"line":78,"column":35}},"22":{"start":{"line":79,"column":8},"end":{"line":79,"column":101}},"23":{"start":{"line":80,"column":8},"end":{"line":80,"column":64}},"24":{"start":{"line":81,"column":8},"end":{"line":81,"column":61}},"25":{"start":{"line":82,"column":8},"end":{"line":82,"column":50}},"26":{"start":{"line":83,"column":8},"end":{"line":83,"column":27}},"27":{"start":{"line":87,"column":8},"end":{"line":87,"column":33}},"28":{"start":{"line":88,"column":8},"end":{"line":88,"column":53}},"29":{"start":{"line":89,"column":8},"end":{"line":89,"column":31}},"30":{"start":{"line":93,"column":8},"end":{"line":93,"column":28}},"31":{"start":{"line":97,"column":8},"end":{"line":97,"column":31}},"32":{"start":{"line":2,"column":0},"end":{"line":2,"column":22}}},"fnMap":{"0":{"name":"(anonymous_0)","decl":{"start":{"line":11,"column":4},"end":{"line":11,"column":16}},"loc":{"start":{"line":11,"column":71},"end":{"line":19,"column":5}}},"1":{"name":"(anonymous_1)","decl":{"start":{"line":23,"column":4},"end":{"line":23,"column":15}},"loc":{"start":{"line":23,"column":54},"end":{"line":25,"column":5}}},"2":{"name":"(anonymous_2)","decl":{"start":{"line":27,"column":4},"end":{"line":27,"column":15}},"loc":{"start":{"line":27,"column":31},"end":{"line":29,"column":5}}},"3":{"name":"(anonymous_3)","decl":{"start":{"line":32,"column":4},"end":{"line":32,"column":15}},"loc":{"start":{"line":32,"column":47},"end":{"line":34,"column":5}}},"4":{"name":"(anonymous_4)","decl":{"start":{"line":36,"column":4},"end":{"line":36,"column":15}},"loc":{"start":{"line":36,"column":28},"end":{"line":38,"column":5}}},"5":{"name":"(anonymous_5)","decl":{"start":{"line":40,"column":4},"end":{"line":40,"column":15}},"loc":{"start":{"line":40,"column":47},"end":{"line":42,"column":5}}},"6":{"name":"(anonymous_6)","decl":{"start":{"line":44,"column":4},"end":{"line":44,"column":15}},"loc":{"start":{"line":44,"column":28},"end":{"line":46,"column":5}}},"7":{"name":"(anonymous_7)","decl":{"start":{"line":48,"column":4},"end":{"line":48,"column":15}},"loc":{"start":{"line":48,"column":25},"end":{"line":51,"column":5}}},"8":{"name":"(anonymous_8)","decl":{"start":{"line":53,"column":4},"end":{"line":53,"column":15}},"loc":{"start":{"line":53,"column":53},"end":{"line":55,"column":5}}},"9":{"name":"(anonymous_9)","decl":{"start":{"line":57,"column":4},"end":{"line":57,"column":15}},"loc":{"start":{"line":57,"column":31},"end":{"line":59,"column":5}}},"10":{"name":"(anonymous_10)","decl":{"start":{"line":61,"column":4},"end":{"line":61,"column":15}},"loc":{"start":{"line":61,"column":45},"end":{"line":63,"column":5}}},"11":{"name":"(anonymous_11)","decl":{"start":{"line":65,"column":4},"end":{"line":65,"column":15}},"loc":{"start":{"line":65,"column":26},"end":{"line":67,"column":5}}},"12":{"name":"(anonymous_12)","decl":{"start":{"line":69,"column":4},"end":{"line":69,"column":15}},"loc":{"start":{"line":69,"column":38},"end":{"line":71,"column":5}}},"13":{"name":"(anonymous_13)","decl":{"start":{"line":73,"column":4},"end":{"line":73,"column":15}},"loc":{"start":{"line":73,"column":23},"end":{"line":75,"column":5}}},"14":{"name":"(anonymous_14)","decl":{"start":{"line":77,"column":4},"end":{"line":77,"column":20}},"loc":{"start":{"line":77,"column":20},"end":{"line":84,"column":5}}},"15":{"name":"(anonymous_15)","decl":{"start":{"line":86,"column":4},"end":{"line":86,"column":14}},"loc":{"start":{"line":86,"column":28},"end":{"line":90,"column":5}}},"16":{"name":"(anonymous_16)","decl":{"start":{"line":92,"column":4},"end":{"line":92,"column":16}},"loc":{"start":{"line":92,"column":16},"end":{"line":94,"column":5}}},"17":{"name":"(anonymous_17)","decl":{"start":{"line":96,"column":4},"end":{"line":96,"column":16}},"loc":{"start":{"line":96,"column":35},"end":{"line":98,"column":5}}}},"branchMap":{"0":{"loc":{"start":{"line":79,"column":36},"end":{"line":79,"column":61}},"type":"cond-expr","locations":[{"start":{"line":79,"column":52},"end":{"line":79,"column":54}},{"start":{"line":79,"column":52},"end":{"line":79,"column":61}}]},"1":{"loc":{"start":{"line":79,"column":36},"end":{"line":79,"column":54}},"type":"binary-expr","locations":[{"start":{"line":79,"column":36},"end":{"line":79,"column":54}},{"start":{"line":79,"column":52},"end":{"line":79,"column":54}}]},"2":{"loc":{"start":{"line":79,"column":70},"end":{"line":79,"column":99}},"type":"cond-expr","locations":[{"start":{"line":79,"column":86},"end":{"line":79,"column":88}},{"start":{"line":79,"column":86},"end":{"line":79,"column":99}}]},"3":{"loc":{"start":{"line":79,"column":70},"end":{"line":79,"column":88}},"type":"binary-expr","locations":[{"start":{"line":79,"column":70},"end":{"line":79,"column":88}},{"start":{"line":79,"column":86},"end":{"line":79,"column":88}}]},"4":{"loc":{"start":{"line":80,"column":39},"end":{"line":80,"column":62}},"type":"cond-expr","locations":[{"start":{"line":80,"column":55},"end":{"line":80,"column":57}},{"start":{"line":80,"column":55},"end":{"line":80,"column":62}}]},"5":{"loc":{"start":{"line":80,"column":39},"end":{"line":80,"column":57}},"type":"binary-expr","locations":[{"start":{"line":80,"column":39},"end":{"line":80,"column":57}},{"start":{"line":80,"column":55},"end":{"line":80,"column":57}}]}},"s":{"0":1,"1":1,"2":1,"3":1,"4":1,"5":1,"6":1,"7":0,"8":0,"9":0,"10":0,"11":0,"12":0,"13":0,"14":0,"15":0,"16":0,"17":0,"18":0,"19":0,"20":0,"21":0,"22":0,"23":0,"24":0,"25":0,"26":0,"27":1,"28":1,"29":1,"30":0,"31":0,"32":1},"f":{"0":1,"1":0,"2":0,"3":0,"4":0,"5":0,"6":0,"7":0,"8":0,"9":0,"10":0,"11":0,"12":0,"13":0,"14":0,"15":1,"16":0,"17":0},"b":{"0":[0,0],"1":[0,0],"2":[0,0],"3":[0,0],"4":[0,0],"5":[0,0]}}
,"C:\\Users\\LIBRERIA\\Documents\\assuresoft training\\Modulo I\\Proyectos\\Bank_Project\\src\\Current_Count.ts": {"path":"C:\\Users\\LIBRERIA\\Documents\\assuresoft training\\Modulo I\\Proyectos\\Bank_Project\\src\\Current_Count.ts","statementMap":{"0":{"start":{"line":1,"column":0},"end":{"line":1,"column":36}},"1":{"start":{"line":4,"column":0},"end":{"line":4,"column":52}},"2":{"start":{"line":11,"column":8},"end":{"line":12,"column":28}},"3":{"start":{"line":13,"column":8},"end":{"line":13,"column":36}},"4":{"start":{"line":17,"column":8},"end":{"line":17,"column":28}},"5":{"start":{"line":21,"column":30},"end":{"line":21,"column":57}},"6":{"start":{"line":23,"column":8},"end":{"line":26,"column":null}},"7":{"start":{"line":24,"column":12},"end":{"line":24,"column":47}},"8":{"start":{"line":25,"column":12},"end":{"line":25,"column":24}},"9":{"start":{"line":27,"column":8},"end":{"line":27,"column":21}},"10":{"start":{"line":31,"column":29},"end":{"line":35,"column":null}},"11":{"start":{"line":36,"column":20},"end":{"line":41,"column":null}},"12":{"start":{"line":42,"column":30},"end":{"line":42,"column":73}},"13":{"start":{"line":43,"column":8},"end":{"line":43,"column":42}},"14":{"start":{"line":5,"column":0},"end":{"line":5,"column":13}}},"fnMap":{"0":{"name":"(anonymous_0)","decl":{"start":{"line":9,"column":4},"end":{"line":9,"column":16}},"loc":{"start":{"line":10,"column":51},"end":{"line":14,"column":5}}},"1":{"name":"(anonymous_1)","decl":{"start":{"line":16,"column":4},"end":{"line":16,"column":8}},"loc":{"start":{"line":16,"column":18},"end":{"line":18,"column":5}}},"2":{"name":"(anonymous_2)","decl":{"start":{"line":20,"column":4},"end":{"line":20,"column":17}},"loc":{"start":{"line":20,"column":33},"end":{"line":28,"column":5}}},"3":{"name":"(anonymous_3)","decl":{"start":{"line":30,"column":4},"end":{"line":30,"column":11}},"loc":{"start":{"line":30,"column":11},"end":{"line":44,"column":5}}}},"branchMap":{"0":{"loc":{"start":{"line":23,"column":8},"end":{"line":26,"column":null}},"type":"if","locations":[{"start":{"line":23,"column":8},"end":{"line":26,"column":null}}]},"1":{"loc":{"start":{"line":32,"column":20},"end":{"line":32,"column":45}},"type":"cond-expr","locations":[{"start":{"line":32,"column":36},"end":{"line":32,"column":38}},{"start":{"line":32,"column":36},"end":{"line":32,"column":45}}]},"2":{"loc":{"start":{"line":32,"column":20},"end":{"line":32,"column":38}},"type":"binary-expr","locations":[{"start":{"line":32,"column":20},"end":{"line":32,"column":38}},{"start":{"line":32,"column":36},"end":{"line":32,"column":38}}]},"3":{"loc":{"start":{"line":32,"column":54},"end":{"line":32,"column":83}},"type":"cond-expr","locations":[{"start":{"line":32,"column":70},"end":{"line":32,"column":72}},{"start":{"line":32,"column":70},"end":{"line":32,"column":83}}]},"4":{"loc":{"start":{"line":32,"column":54},"end":{"line":32,"column":72}},"type":"binary-expr","locations":[{"start":{"line":32,"column":54},"end":{"line":32,"column":72}},{"start":{"line":32,"column":70},"end":{"line":32,"column":72}}]},"5":{"loc":{"start":{"line":33,"column":36},"end":{"line":33,"column":59}},"type":"cond-expr","locations":[{"start":{"line":33,"column":52},"end":{"line":33,"column":54}},{"start":{"line":33,"column":52},"end":{"line":33,"column":59}}]},"6":{"loc":{"start":{"line":33,"column":36},"end":{"line":33,"column":54}},"type":"binary-expr","locations":[{"start":{"line":33,"column":36},"end":{"line":33,"column":54}},{"start":{"line":33,"column":52},"end":{"line":33,"column":54}}]}},"s":{"0":1,"1":1,"2":1,"3":1,"4":0,"5":0,"6":0,"7":0,"8":0,"9":0,"10":0,"11":0,"12":0,"13":0,"14":1},"f":{"0":1,"1":0,"2":0,"3":0},"b":{"0":[0],"1":[0,0],"2":[0,0],"3":[0,0],"4":[0,0],"5":[0,0],"6":[0,0]}}
,"C:\\Users\\LIBRERIA\\Documents\\assuresoft training\\Modulo I\\Proyectos\\Bank_Project\\src\\MonthlyReport.ts": {"path":"C:\\Users\\LIBRERIA\\Documents\\assuresoft training\\Modulo I\\Proyectos\\Bank_Project\\src\\MonthlyReport.ts","statementMap":{"0":{"start":{"line":6,"column":17},"end":{"line":6,"column":39}},"1":{"start":{"line":7,"column":17},"end":{"line":7,"column":38}},"2":{"start":{"line":9,"column":8},"end":{"line":9,"column":29}},"3":{"start":{"line":13,"column":24},"end":{"line":13,"column":106}},"4":{"start":{"line":14,"column":8},"end":{"line":16,"column":34}},"5":{"start":{"line":17,"column":8},"end":{"line":17,"column":null}},"6":{"start":{"line":18,"column":8},"end":{"line":20,"column":52}},"7":{"start":{"line":2,"column":0},"end":{"line":2,"column":13}}},"fnMap":{"0":{"name":"(anonymous_0)","decl":{"start":{"line":5,"column":4},"end":{"line":5,"column":null}},"loc":{"start":{"line":7,"column":38},"end":{"line":10,"column":5}}},"1":{"name":"(anonymous_1)","decl":{"start":{"line":11,"column":4},"end":{"line":11,"column":14}},"loc":{"start":{"line":11,"column":14},"end":{"line":21,"column":5}}}},"branchMap":{"0":{"loc":{"start":{"line":13,"column":24},"end":{"line":13,"column":106}},"type":"cond-expr","locations":[{"start":{"line":13,"column":71},"end":{"line":13,"column":102}},{"start":{"line":13,"column":105},"end":{"line":13,"column":106}}]}},"s":{"0":0,"1":0,"2":0,"3":0,"4":0,"5":0,"6":0,"7":1},"f":{"0":0,"1":0},"b":{"0":[0,0]}}
}
